<?xml version="1.0" encoding="UTF-8"?>
<!-- Generated by org.testng.reporters.JUnitReportReporter -->
<testsuite hostname="DESKTOP-4KLMMDP" failures="0" tests="3" name="vineeth.day2" time="0.004" errors="0" timestamp="2023-08-17T15:16:54 IST" skipped="0">
  <testcase classname="vineeth.day2" name="carloanlogin" time="0.002"/>
  <testcase classname="vineeth.day2" name="carloanlogout" time="0.001"/>
  <testcase classname="vineeth.day2" name="carloanintrest" time="0.001"/>
</testsuite> <!-- vineeth.day2 -->
